<?xml version="1.0" encoding="UTF-8"?>
<testng-results skipped="0" failed="0" ignored="0" total="1" passed="1">
  <reporter-output>
    <line>
      <![CDATA[Ebay Search Test is Successful...]]>
    </line>
  </reporter-output>
  <suite name="Suite" duration-ms="30959" started-at="2022-09-14T07:01:34 IST" finished-at="2022-09-14T07:02:05 IST">
    <groups>
    </groups>
    <test name="Test" duration-ms="30959" started-at="2022-09-14T07:01:34 IST" finished-at="2022-09-14T07:02:05 IST">
      <class name="myDemos.MyTest">
        <test-method status="PASS" signature="Search()[pri:0, instance:myDemos.MyTest@458c1321]" name="Search" duration-ms="30819" started-at="2022-09-14T07:01:34 IST" finished-at="2022-09-14T07:02:05 IST">
          <reporter-output>
            <line>
              <![CDATA[Ebay Search Test is Successful...]]>
            </line>
          </reporter-output>
        </test-method> <!-- Search -->
      </class> <!-- myDemos.MyTest -->
    </test> <!-- Test -->
  </suite> <!-- Suite -->
</testng-results>
